Arguments: 
  C:\Program Files\nodejs\node.exe C:\Users\asuman.senol\AppData\Roaming\npm\node_modules\yarn\bin\yarn.js add @react-native-community/async-storage

PATH: 
  C:\Program Files (x86)\Common Files\Oracle\Java\javapath;C:\Program Files (x86)\Intel\iCLS Client\;C:\ProgramData\Oracle\Java\javapath;C:\Program Files\Intel\iCLS Client\;C:\windows\system32;C:\windows;C:\windows\System32\Wbem;C:\windows\System32\WindowsPowerShell\v1.0\;c:\Program Files\Intel\WiFi\bin\;c:\Program Files\Common Files\Intel\WirelessCommon\;C:\Program Files (x86)\Intel\Intel(R) Management Engine Components\DAL;C:\Program Files\Intel\Intel(R) Management Engine Components\DAL;C:\Program Files (x86)\Intel\Intel(R) Management Engine Components\IPT;C:\Program Files\Intel\Intel(R) Management Engine Components\IPT;C:\Program Files\dotnet\;C:\Program Files\Microsoft SQL Server\130\Tools\Binn\;C:\Program Files\Git\cmd;C:\Program Files\nodejs\;C:\Program Files (x86)\Microsoft SQL Server\Client SDK\ODBC\130\Tools\Binn\;C:\Program Files (x86)\Microsoft SQL Server\140\Tools\Binn\;C:\Program Files (x86)\Microsoft SQL Server\140\DTS\Binn\;C:\Program Files (x86)\Microsoft SQL Server\140\Tools\Binn\ManagementStudio\;C:\Program Files\Java\jre1.8.0_201\bin;C:\OpenSSL-Win64\bin;C:\Users\asuman.senol\AppData\Local\Microsoft\WindowsApps;C:\Users\asuman.senol\AppData\Local\Programs\MiKTeX 2.9\miktex\bin\x64\;C:\Users\asuman.senol\AppData\Roaming\npm;C:\Users\asuman.senol\AppData\Local\Programs\Microsoft VS Code\bin

Yarn version: 
  1.15.2

Node version: 
  10.15.3

Platform: 
  win32 x64

Trace: 
  Error: connect ETIMEDOUT 140.82.118.4:443
      at TCPConnectWrap.afterConnect [as oncomplete] (net.js:1097:14)

npm manifest: 
  {
    "main": "node_modules/expo/AppEntry.js",
    "scripts": {
      "start": "expo start",
      "android": "expo start --android",
      "ios": "expo start --ios",
      "eject": "expo eject",
      "test": "node ./node_modules/jest/bin/jest.js --watchAll"
    },
    "jest": {
      "preset": "jest-expo"
    },
    "dependencies": {
      "@expo/samples": "2.1.1",
      "expo": "^32.0.0",
      "expo-cli": "^2.15.3",
      "firebase": "^5.9.4",
      "galio-framework": "^0.5.1",
      "react": "16.5.0",
      "react-google-login": "^5.0.4",
      "react-native": "https://github.com/expo/react-native/archive/sdk-32.0.0.tar.gz",
      "react-native-elements": "^1.1.0",
      "react-native-google-signin": "^1.2.3",
      "react-native-list-popover": "^1.1.1",
      "react-native-modal-dropdown": "^0.6.2",
      "react-native-popover": "^0.2.0",
      "react-native-simple-radio-button": "^2.7.3",
      "react-navigation": "^3.0.9",
      "react-redux": "^7.0.2"
    },
    "devDependencies": {
      "babel-preset-expo": "^5.0.0",
      "jest-expo": "^32.0.0"
    },
    "private": true,
    "name": "arababende",
    "version": "1.0.0",
    "author": "",
    "license": "ISC",
    "description": ""
  }

yarn manifest: 
  No manifest

Lockfile: 
  No lockfile
